<?xml version="1.0" encoding="UTF-8"?>
<testsuites>
  <testsuite name="Welcome_test" file="C:\xampp2\htdocs\FunctionPoint\application\tests\controllers\Welcome_test.php" tests="3" assertions="3" failures="0" errors="0" time="0.263015">
    <testcase name="test_index" class="Welcome_test" file="C:\xampp2\htdocs\FunctionPoint\application\tests\controllers\Welcome_test.php" line="13" assertions="1" time="0.020002"/>
    <testcase name="test_method_404" class="Welcome_test" file="C:\xampp2\htdocs\FunctionPoint\application\tests\controllers\Welcome_test.php" line="19" assertions="1" time="0.237013"/>
    <testcase name="test_APPPATH" class="Welcome_test" file="C:\xampp2\htdocs\FunctionPoint\application\tests\controllers\Welcome_test.php" line="25" assertions="1" time="0.006000"/>
  </testsuite>
</testsuites>
